{
  "numTotalTestSuites": 8,
  "numPassedTestSuites": 8,
  "numFailedTestSuites": 0,
  "numPendingTestSuites": 0,
  "numTotalTests": 6,
  "numPassedTests": 6,
  "numFailedTests": 0,
  "numPendingTests": 0,
  "numTodoTests": 0,
  "startTime": 1678214762225,
  "success": true,
  "testResults": [
    {
      "assertionResults": [
        {
          "ancestorTitles": [
            "",
            "Navbar.vue"
          ],
          "fullName": " Navbar.vue should toggle the class on click",
          "status": "passed",
          "title": "should toggle the class on click",
          "duration": 74,
          "failureMessages": []
        }
      ],
      "startTime": 1678214764984,
      "endTime": 1678214765058,
      "status": "passed",
      "message": "",
      "name": "/Users/jesse/git/dev_crap/heppa/src/components/__tests__/Navbar.spec.ts"
    },
    {
      "assertionResults": [
        {
          "ancestorTitles": [
            "",
            "Kisa.vue"
          ],
          "fullName": " Kisa.vue should display a race name and its ponies",
          "status": "passed",
          "title": "should display a race name and its ponies",
          "duration": 68,
          "failureMessages": []
        }
      ],
      "startTime": 1678214765003,
      "endTime": 1678214765071,
      "status": "passed",
      "message": "",
      "name": "/Users/jesse/git/dev_crap/heppa/src/components/__tests__/Kisa.spec.ts"
    },
    {
      "assertionResults": [
        {
          "ancestorTitles": [
            "",
            "Kisat.vue"
          ],
          "fullName": " Kisat.vue should display every race name in a title",
          "status": "passed",
          "title": "should display every race name in a title",
          "duration": 61,
          "failureMessages": []
        }
      ],
      "startTime": 1678214765011,
      "endTime": 1678214765072,
      "status": "passed",
      "message": "",
      "name": "/Users/jesse/git/dev_crap/heppa/src/views/__tests__/Kisat.spec.ts"
    },
    {
      "assertionResults": [
        {
          "ancestorTitles": [
            "",
            "App.vue"
          ],
          "fullName": " App.vue renders a title",
          "status": "passed",
          "title": "renders a title",
          "duration": 91,
          "failureMessages": []
        },
        {
          "ancestorTitles": [
            ""
          ],
          "fullName": " renders the navbar",
          "status": "passed",
          "title": "renders the navbar",
          "duration": 13,
          "failureMessages": []
        },
        {
          "ancestorTitles": [
            ""
          ],
          "fullName": " renders the kisat list",
          "status": "passed",
          "title": "renders the kisat list",
          "duration": 8,
          "failureMessages": []
        }
      ],
      "startTime": 1678214765018,
      "endTime": 1678214765131,
      "status": "passed",
      "message": "",
      "name": "/Users/jesse/git/dev_crap/heppa/src/__tests__/App.spec.ts"
    }
  ]
}